<?xml version="1.0" encoding="UTF-8"?>
<!-- Generated by org.testng.reporters.JUnitReportReporter -->
<testsuite hostname="DESKTOP-U1VNJ3I" failures="0" tests="2" name="com.dalal.testLayer.SignUpPageTest" time="47.997" errors="0" timestamp="2023-02-03T15:29:21 IST" skipped="0">
  <testcase classname="com.dalal.testLayer.SignUpPageTest" name="SignUpTest" time="28.989"/>
  <system-out/>
  <testcase classname="com.dalal.testLayer.SignUpPageTest" name="SignUpTestAndWrite" time="19.008"/>
  <system-out/>
</testsuite> <!-- com.dalal.testLayer.SignUpPageTest -->
