<?xml version="1.0" encoding="UTF-8"?>
<!-- Generated by org.testng.reporters.JUnitReportReporter -->
<testsuite hostname="DESKTOP-U1VNJ3I" failures="0" tests="1" name="com.dalal.testLayer.BuyFunctionalityTest" time="23.730" errors="0" timestamp="2023-02-03T15:50:33 IST" skipped="0">
  <testcase classname="com.dalal.testLayer.BuyFunctionalityTest" name="buyTest" time="23.730"/>
  <system-out/>
</testsuite> <!-- com.dalal.testLayer.BuyFunctionalityTest -->
